<?xml version="1.0" encoding="UTF-8"?>
<!-- Generated by org.testng.reporters.JUnitReportReporter -->
<testsuite hostname="WL316380" failures="0" tests="1" name="testCases.TestCaseOne" time="5.592" errors="0" timestamp="2020-07-18T23:43:53 IST" skipped="0">
  <testcase classname="testCases.TestCaseOne" name="TestCase" time="5.592"/>
  <system-out/>
</testsuite> <!-- testCases.TestCaseOne -->
